Assembler report for simple_counter
Thu May  8 13:59:55 2025
Quartus Prime Version 24.1.0 Build 115 03/21/2024 SC Pro Edition


---------------------
; Table of Contents ;
---------------------
  1. Legal Notice
  2. Assembler Summary
  3. Assembler Settings
  4. Parallel Compilation
  5. Assembler Messages
  6. Assembler Generated Files
  7. Assembler Device Options: simple_counter.sof



----------------
; Legal Notice ;
----------------
Copyright (C) 2024  Intel Corporation. All rights reserved.
Your use of Intel Corporation's design tools, logic functions 
and other software and tools, and any partner logic 
functions, and any output files from any of the foregoing 
(including device programming or simulation files), and any 
associated documentation or information are expressly subject 
to the terms and conditions of the Intel Program License 
Subscription Agreement, the Intel Quartus Prime License Agreement,
the Intel FPGA IP License Agreement, or other applicable license
agreement, including, without limitation, that your use is for
the sole purpose of programming logic devices manufactured by
Intel and sold by Intel or its authorized distributors.  Please
refer to the Intel FPGA Software License Subscription Agreements 
on the Quartus Prime software download page.



+---------------------------------------------------------------+
; Assembler Summary                                             ;
+-----------------------+---------------------------------------+
; Assembler Status      ; Successful - Thu May  8 13:59:55 2025 ;
; Revision Name         ; simple_counter                        ;
; Top-level Entity Name ; simple_counter                        ;
; Family                ; Cyclone 10 GX                         ;
; Device                ; 10CX220YF780I5G                       ;
; Timing Models         ; Final                                 ;
; Power Models          ; Final                                 ;
; Device Status         ; Final                                 ;
+-----------------------+---------------------------------------+


+----------------------------------------------------------------------------------------------------+
; Assembler Settings                                                                                 ;
+------------------------------------------------------------------+----------------+----------------+
; Option                                                           ; Setting        ; Default Value  ;
+------------------------------------------------------------------+----------------+----------------+
; Enable parallel Assembler and Timing Analyzer during compilation ; On             ; On             ;
; Enable compact report table                                      ; Off            ; Off            ;
; Design Assistant include IP blocks                               ; Off            ; Off            ;
; High fanout net threshold for RAM inference                      ; 15             ; 15             ;
; Design Assistant limit on reported violations per rule           ; 5000           ; 5000           ;
; Generate compressed bitstreams                                   ; On             ; On             ;
; Auto user code                                                   ; On             ; On             ;
; Configuration device                                             ; Auto           ; Auto           ;
; Voltage output format                                            ; Auto discovery ; Auto discovery ;
; Translated voltage value unit                                    ; Volts          ; Volts          ;
; Configuration device auto user code                              ; Off            ; Off            ;
; Generate Partial Reconfiguration Raw Binary File (.rbf)          ; Off            ; Off            ;
; Release clears before tri-states                                 ; Off            ; Off            ;
; Auto-restart configuration after error                           ; On             ; On             ;
; Enable OCT_DONE                                                  ; Off            ; Off            ;
; Enable autonomous PCIe HIP mode                                  ; Off            ; Off            ;
; Generate programming files                                       ; Off            ; Off            ;
; Enables the HPS early release of HPS IO                          ; Off            ; Off            ;
+------------------------------------------------------------------+----------------+----------------+


+-------------------------------------+
; Parallel Compilation                ;
+----------------------------+--------+
; Processors                 ; Number ;
+----------------------------+--------+
; Number detected on machine ; 22     ;
; Maximum allowed            ; 16     ;
+----------------------------+--------+


+--------------------+
; Assembler Messages ;
+--------------------+
Info: *******************************************************************
Info: Running Quartus Prime Assembler
    Info: Version 24.1.0 Build 115 03/21/2024 SC Pro Edition
    Info: Processing started: Thu May  8 13:59:46 2025
    Info: System process ID: 24404
Info: Command: quartus_asm --read_settings_files=on --write_settings_files=off simple_counter -c simple_counter
Info (16677): Loading final database.
Info (16734): Loading "final" snapshot for partition "root_partition".
Info (16678): Successfully loaded final database: elapsed time is 00:00:02.
Info: Quartus Prime Assembler was successful. 0 errors, 0 warnings
    Info: Peak virtual memory: 2737 megabytes
    Info: Processing ended: Thu May  8 13:59:55 2025
    Info: Elapsed time: 00:00:09
    Info: System process ID: 24404


+-----------------------------------------------------------------------+
; Assembler Generated Files                                             ;
+-----------------------------------------------------------------------+
; File Name                                                             ;
+-----------------------------------------------------------------------+
; /home/casper/Desktop/tutorial_quartus/output_files/simple_counter.sof ;
+-----------------------------------------------------------------------+


+----------------------------------------------------+
; Assembler Device Options: simple_counter.sof       ;
+----------------+-----------------------------------+
; Option         ; Setting                           ;
+----------------+-----------------------------------+
; JTAG usercode  ; 0xFFFFFFFF                        ;
; Checksum       ; 0x09591BFA                        ;
; Design hash    ; A277AEF4F42A7C0A618EB84F1D3AECC8  ;
+----------------+-----------------------------------+


