Flow report for simple_counter
Thu May  8 13:59:54 2025
Quartus Prime Version 24.1.0 Build 115 03/21/2024 SC Pro Edition


---------------------
; Table of Contents ;
---------------------
  1. Legal Notice
  2. Flow Summary
  3. Flow Settings
  4. Flow Non-Default Global Settings
  5. Flow Elapsed Time
  6. Flow OS Summary
  7. Flow Log



----------------
; Legal Notice ;
----------------
Copyright (C) 2024  Intel Corporation. All rights reserved.
Your use of Intel Corporation's design tools, logic functions 
and other software and tools, and any partner logic 
functions, and any output files from any of the foregoing 
(including device programming or simulation files), and any 
associated documentation or information are expressly subject 
to the terms and conditions of the Intel Program License 
Subscription Agreement, the Intel Quartus Prime License Agreement,
the Intel FPGA IP License Agreement, or other applicable license
agreement, including, without limitation, that your use is for
the sole purpose of programming logic devices manufactured by
Intel and sold by Intel or its authorized distributors.  Please
refer to the Intel FPGA Software License Subscription Agreements 
on the Quartus Prime software download page.



+--------------------------------------------------------------------------+
; Flow Summary                                                             ;
+-----------------------------+--------------------------------------------+
; Flow Status                 ; Successful - Thu May  8 13:59:54 2025      ;
; Quartus Prime Version       ; 24.1.0 Build 115 03/21/2024 SC Pro Edition ;
; Revision Name               ; simple_counter                             ;
; Top-level Entity Name       ; simple_counter                             ;
; Family                      ; Cyclone 10 GX                              ;
; Device                      ; 10CX220YF780I5G                            ;
; Timing Models               ; Final                                      ;
; Power Models                ; Final                                      ;
; Device Status               ; Final                                      ;
; Logic utilization (in ALMs) ; 2 / 80,330 ( < 1 % )                       ;
; Total registers             ; 4                                          ;
; Total pins                  ; 6 / 340 ( 2 % )                            ;
; Total virtual pins          ; 0                                          ;
; Total block memory bits     ; 0 / 12,021,760 ( 0 % )                     ;
; Total RAM Blocks            ; 0 / 587 ( 0 % )                            ;
; Total DSP Blocks            ; 0 / 192 ( 0 % )                            ;
; Total HSSI RX channels      ; 0 / 12 ( 0 % )                             ;
; Total HSSI TX channels      ; 0 / 12 ( 0 % )                             ;
; Total PLLs                  ; 0 / 30 ( 0 % )                             ;
+-----------------------------+--------------------------------------------+


+-----------------------------------------+
; Flow Settings                           ;
+-------------------+---------------------+
; Option            ; Setting             ;
+-------------------+---------------------+
; Start date & time ; 05/08/2025 13:58:56 ;
; Main task         ; Compilation         ;
; Revision Name     ; simple_counter      ;
+-------------------+---------------------+


+------------------------------------------------------------------------------------------------------------------------------+
; Flow Non-Default Global Settings                                                                                             ;
+--------------------------+----------------------------------------------------+---------------+-------------+----------------+
; Assignment Name          ; Value                                              ; Default Value ; Entity Name ; Section Id     ;
+--------------------------+----------------------------------------------------+---------------+-------------+----------------+
; COMPILER_SIGNATURE_ID    ; 84320041041956.174668393823340                     ; --            ; --          ; --             ;
; EDA_OUTPUT_DATA_FORMAT   ; Verilog Hdl                                        ; --            ; --          ; eda_simulation ;
; EDA_TIME_SCALE           ; 1 ps                                               ; --            ; --          ; eda_simulation ;
; MAX_CORE_JUNCTION_TEMP   ; 100                                                ; --            ; --          ; --             ;
; MIN_CORE_JUNCTION_TEMP   ; -40                                                ; --            ; --          ; --             ;
; PROJECT_OUTPUT_DIRECTORY ; /home/casper/Desktop/tutorial_quartus/output_files ; --            ; --          ; --             ;
+--------------------------+----------------------------------------------------+---------------+-------------+----------------+


+------------------------------------------------------+
; Flow Elapsed Time                                    ;
+-----------------+--------------+---------------------+
; Module Name     ; Elapsed Time ; Peak Virtual Memory ;
+-----------------+--------------+---------------------+
; Synthesis       ; 00:00:11     ; 1561 MB             ;
; Fitter          ; 00:00:33     ; 4748 MB             ;
; Timing Analyzer ; 00:00:04     ; 1898 MB             ;
; Assembler       ; 00:00:08     ; 2735 MB             ;
; Total           ; 00:00:56     ; --                  ;
+-----------------+--------------+---------------------+


+---------------------------------------------------------------------------------+
; Flow OS Summary                                                                 ;
+-----------------+-----------------------+---------+------------+----------------+
; Module Name     ; Machine Hostname      ; OS Name ; OS Version ; Processor type ;
+-----------------+-----------------------+---------+------------+----------------+
; Synthesis       ; casper-Precision-3591 ; Ubuntu  ; 24         ; x86_64         ;
; Fitter          ; casper-Precision-3591 ; Ubuntu  ; 24         ; x86_64         ;
; Timing Analyzer ; casper-Precision-3591 ; Ubuntu  ; 24         ; x86_64         ;
; Assembler       ; casper-Precision-3591 ; Ubuntu  ; 24         ; x86_64         ;
+-----------------+-----------------------+---------+------------+----------------+


------------
; Flow Log ;
------------
quartus_syn --read_settings_files=on --write_settings_files=off simple_counter -c simple_counter
quartus_fit --read_settings_files=on --write_settings_files=off simple_counter -c simple_counter
quartus_sta simple_counter -c simple_counter --mode=finalize
quartus_asm --read_settings_files=on --write_settings_files=off simple_counter -c simple_counter



